<?xml version="1.0" encoding="UTF-8"?>
<!-- Generated by org.testng.reporters.JUnitXMLReporter -->
<testsuite hostname="5CG6332Q3H" name="FF Test" tests="4" failures="0" timestamp="31 Aug 2017 07:42:56 GMT" time="88.271" errors="0">
  <testcase name="WebPage_Scenario" time="43.015" classname="com.ctli.it.testcases.Ghost_WebScenario2"/>
  <testcase name="WebPage_Scenario" time="48.677" classname="com.ctli.it.testcases.Ghost_WebScenario4"/>
  <testcase name="WebPage_Scenario" time="41.594" classname="com.ctli.it.testcases.Ghost_WebScenario3"/>
  <testcase name="WebPage_Scenario" time="33.981" classname="com.ctli.it.testcases.Ghost_WebScenario1"/>
</testsuite> <!-- FF Test -->
