<?xml version="1.0" encoding="UTF-8"?>
<testng-results skipped="0" failed="0" total="1" passed="1">
  <reporter-output>
  </reporter-output>
  <suite name="Default suite" duration-ms="35680" started-at="2018-07-26T07:37:00Z" finished-at="2018-07-26T07:37:35Z">
    <groups>
    </groups>
    <test name="Default test" duration-ms="35680" started-at="2018-07-26T07:37:00Z" finished-at="2018-07-26T07:37:35Z">
      <class name="com.ctli.it.scenarios.Amazon_Webscenario">
        <test-method status="PASS" signature="initialSetUp()[pri:0, instance:com.ctli.it.scenarios.Amazon_Webscenario@5faeada1]" name="initialSetUp" is-config="true" duration-ms="303" started-at="2018-07-26T13:06:59Z" finished-at="2018-07-26T13:07:00Z">
          <reporter-output>
          </reporter-output>
        </test-method> <!-- initialSetUp -->
        <test-method status="PASS" signature="initializeDriver()[pri:0, instance:com.ctli.it.scenarios.Amazon_Webscenario@5faeada1]" name="initializeDriver" is-config="true" duration-ms="1903" started-at="2018-07-26T13:07:00Z" finished-at="2018-07-26T13:07:01Z">
          <reporter-output>
          </reporter-output>
        </test-method> <!-- initializeDriver -->
        <test-method status="PASS" signature="WebPage_Scenario()[pri:0, instance:com.ctli.it.scenarios.Amazon_Webscenario@5faeada1]" name="WebPage_Scenario" duration-ms="33766" started-at="2018-07-26T13:07:01Z" finished-at="2018-07-26T13:07:35Z">
          <reporter-output>
          </reporter-output>
        </test-method> <!-- WebPage_Scenario -->
        <test-method status="PASS" signature="afterSuite(org.testng.xml.XmlTest)[pri:0, instance:com.ctli.it.scenarios.Amazon_Webscenario@5faeada1]" name="afterSuite" is-config="true" duration-ms="1" started-at="2018-07-26T13:07:35Z" finished-at="2018-07-26T13:07:35Z">
          <params>
            <param index="0">
              <value>
                <![CDATA[[Test: "Default test" verbose:2[parameters:][metagroups:] [included: ][excluded: ]  classes:[XmlClass class=com.ctli.it.scenarios.Amazon_Webscenario]  packages:] ]]>
              </value>
            </param>
          </params>
          <reporter-output>
          </reporter-output>
        </test-method> <!-- afterSuite -->
      </class> <!-- com.ctli.it.scenarios.Amazon_Webscenario -->
    </test> <!-- Default test -->
  </suite> <!-- Default suite -->
</testng-results>
